Release 13.2 - xst O.61xd (nt64)
Copyright (c) 1995-2011 Xilinx, Inc.  All rights reserved.
--> Parameter TMPDIR set to xst/projnav.tmp


Total REAL time to Xst completion: 1.00 secs
Total CPU time to Xst completion: 0.05 secs
 
--> Parameter xsthdpdir set to xst


Total REAL time to Xst completion: 1.00 secs
Total CPU time to Xst completion: 0.06 secs
 
--> Reading design: function_unit_16bit.prj

TABLE OF CONTENTS
  1) Synthesis Options Summary
  2) HDL Parsing
  3) HDL Elaboration
  4) HDL Synthesis
       4.1) HDL Synthesis Report
  5) Advanced HDL Synthesis
       5.1) Advanced HDL Synthesis Report
  6) Low Level Synthesis
  7) Partition Report
  8) Design Summary
       8.1) Primitive and Black Box Usage
       8.2) Device utilization summary
       8.3) Partition Resource Summary
       8.4) Timing Report
            8.4.1) Clock Information
            8.4.2) Asynchronous Control Signals Information
            8.4.3) Timing Summary
            8.4.4) Timing Details
            8.4.5) Cross Clock Domains Report


=========================================================================
*                      Synthesis Options Summary                        *
=========================================================================
---- Source Parameters
Input File Name                    : "function_unit_16bit.prj"
Input Format                       : mixed
Ignore Synthesis Constraint File   : NO

---- Target Parameters
Output File Name                   : "function_unit_16bit"
Output Format                      : NGC
Target Device                      : xc7a30t-3-csg324

---- Source Options
Top Module Name                    : function_unit_16bit
Automatic FSM Extraction           : YES
FSM Encoding Algorithm             : Auto
Safe Implementation                : No
FSM Style                          : LUT
RAM Extraction                     : Yes
RAM Style                          : Auto
ROM Extraction                     : Yes
Shift Register Extraction          : YES
ROM Style                          : Auto
Resource Sharing                   : YES
Asynchronous To Synchronous        : NO
Shift Register Minimum Size        : 2
Use DSP Block                      : Auto
Automatic Register Balancing       : No

---- Target Options
LUT Combining                      : Auto
Reduce Control Sets                : Auto
Add IO Buffers                     : YES
Global Maximum Fanout              : 100000
Add Generic Clock Buffer(BUFG)     : 32
Register Duplication               : YES
Optimize Instantiated Primitives   : NO
Use Clock Enable                   : Auto
Use Synchronous Set                : Auto
Use Synchronous Reset              : Auto
Pack IO Registers into IOBs        : Auto
Equivalent register Removal        : YES

---- General Options
Optimization Goal                  : Speed
Optimization Effort                : 1
Power Reduction                    : NO
Keep Hierarchy                     : No
Netlist Hierarchy                  : As_Optimized
RTL Output                         : Yes
Global Optimization                : AllClockNets
Read Cores                         : YES
Write Timing Constraints           : NO
Cross Clock Analysis               : NO
Hierarchy Separator                : /
Bus Delimiter                      : <>
Case Specifier                     : Maintain
Slice Utilization Ratio            : 100
BRAM Utilization Ratio             : 100
DSP48 Utilization Ratio            : 100
Auto BRAM Packing                  : NO
Slice Utilization Ratio Delta      : 5

=========================================================================


=========================================================================
*                          HDL Parsing                                  *
=========================================================================
Parsing VHDL file "\\tholos.itserv.scss.tcd.ie\ugrad\concannh\CS2022\Project1\full_adder.vhd" into library work
Parsing entity <full_adder>.
Parsing architecture <Behavioral> of entity <full_adder>.
Parsing VHDL file "\\tholos.itserv.scss.tcd.ie\ugrad\concannh\CS2022\Project1\RCA16bit.vhd" into library work
Parsing entity <RCA16bit>.
Parsing architecture <Behavioral> of entity <rca16bit>.
Parsing VHDL file "\\tholos.itserv.scss.tcd.ie\ugrad\concannh\CS2022\Project1\logic_bit_slice.vhd" into library work
Parsing entity <logic_bit_slice>.
Parsing architecture <Behavioral> of entity <logic_bit_slice>.
Parsing VHDL file "\\tholos.itserv.scss.tcd.ie\ugrad\concannh\CS2022\Project1\B_input_logic.vhd" into library work
Parsing entity <B_input_logic>.
Parsing architecture <Behavioral> of entity <b_input_logic>.
Parsing VHDL file "\\tholos.itserv.scss.tcd.ie\ugrad\concannh\CS2022\Project1\mux_4_to_1.vhd" into library work
Parsing entity <mux_4_to_1>.
Parsing architecture <Behavioral> of entity <mux_4_to_1>.
Parsing VHDL file "\\tholos.itserv.scss.tcd.ie\ugrad\concannh\CS2022\Project1\mux_2_to_1_16bits.vhd" into library work
Parsing entity <mux_2_to_1_16bits>.
Parsing architecture <Behavioral> of entity <mux_2_to_1_16bits>.
Parsing VHDL file "\\tholos.itserv.scss.tcd.ie\ugrad\concannh\CS2022\Project1\logic_circuit.vhd" into library work
Parsing entity <logic_circuit>.
Parsing architecture <Behavioral> of entity <logic_circuit>.
Parsing VHDL file "\\tholos.itserv.scss.tcd.ie\ugrad\concannh\CS2022\Project1\arithmetic_circuit.vhd" into library work
Parsing entity <arithmetic_circuit>.
Parsing architecture <Behavioral> of entity <arithmetic_circuit>.
Parsing VHDL file "\\tholos.itserv.scss.tcd.ie\ugrad\concannh\CS2022\Project1\bit_shifter_16bits.vhd" into library work
Parsing entity <bit_shifter_16bits>.
Parsing architecture <Behavioral> of entity <bit_shifter_16bits>.
Parsing VHDL file "\\tholos.itserv.scss.tcd.ie\ugrad\concannh\CS2022\Project1\ALU.vhd" into library work
Parsing entity <ALU>.
Parsing architecture <Behavioral> of entity <alu>.
Parsing VHDL file "\\tholos.itserv.scss.tcd.ie\ugrad\concannh\CS2022\Project1\function_unit_16bit.vhd" into library work
Parsing entity <function_unit_16bit>.
Parsing architecture <Behavioral> of entity <function_unit_16bit>.

=========================================================================
*                            HDL Elaboration                            *
=========================================================================

Elaborating entity <function_unit_16bit> (architecture <Behavioral>) from library <work>.

Elaborating entity <ALU> (architecture <Behavioral>) from library <work>.

Elaborating entity <arithmetic_circuit> (architecture <Behavioral>) from library <work>.

Elaborating entity <B_input_logic> (architecture <Behavioral>) from library <work>.

Elaborating entity <RCA16bit> (architecture <Behavioral>) from library <work>.

Elaborating entity <full_adder> (architecture <Behavioral>) from library <work>.

Elaborating entity <logic_circuit> (architecture <Behavioral>) from library <work>.

Elaborating entity <logic_bit_slice> (architecture <Behavioral>) from library <work>.

Elaborating entity <mux_2_to_1_16bits> (architecture <Behavioral>) from library <work>.

Elaborating entity <bit_shifter_16bits> (architecture <Behavioral>) from library <work>.

Elaborating entity <mux_4_to_1> (architecture <Behavioral>) from library <work>.

=========================================================================
*                           HDL Synthesis                               *
=========================================================================

Synthesizing Unit <function_unit_16bit>.
    Related source file is "//tholos.itserv.scss.tcd.ie/ugrad/concannh/cs2022/project1/function_unit_16bit.vhd".
    Summary:
	no macro.
Unit <function_unit_16bit> synthesized.

Synthesizing Unit <ALU>.
    Related source file is "//tholos.itserv.scss.tcd.ie/ugrad/concannh/cs2022/project1/alu.vhd".
    Summary:
	no macro.
Unit <ALU> synthesized.

Synthesizing Unit <arithmetic_circuit>.
    Related source file is "//tholos.itserv.scss.tcd.ie/ugrad/concannh/cs2022/project1/arithmetic_circuit.vhd".
    Summary:
	no macro.
Unit <arithmetic_circuit> synthesized.

Synthesizing Unit <B_input_logic>.
    Related source file is "//tholos.itserv.scss.tcd.ie/ugrad/concannh/cs2022/project1/b_input_logic.vhd".
WARNING:Xst:737 - Found 1-bit latch for signal <output<14>>. Latches may be generated from incomplete case or if statements. We do not recommend the use of latches in FPGA/CPLD designs, as they may lead to timing problems.
WARNING:Xst:737 - Found 1-bit latch for signal <output<13>>. Latches may be generated from incomplete case or if statements. We do not recommend the use of latches in FPGA/CPLD designs, as they may lead to timing problems.
WARNING:Xst:737 - Found 1-bit latch for signal <output<12>>. Latches may be generated from incomplete case or if statements. We do not recommend the use of latches in FPGA/CPLD designs, as they may lead to timing problems.
WARNING:Xst:737 - Found 1-bit latch for signal <output<11>>. Latches may be generated from incomplete case or if statements. We do not recommend the use of latches in FPGA/CPLD designs, as they may lead to timing problems.
WARNING:Xst:737 - Found 1-bit latch for signal <output<10>>. Latches may be generated from incomplete case or if statements. We do not recommend the use of latches in FPGA/CPLD designs, as they may lead to timing problems.
WARNING:Xst:737 - Found 1-bit latch for signal <output<9>>. Latches may be generated from incomplete case or if statements. We do not recommend the use of latches in FPGA/CPLD designs, as they may lead to timing problems.
WARNING:Xst:737 - Found 1-bit latch for signal <output<8>>. Latches may be generated from incomplete case or if statements. We do not recommend the use of latches in FPGA/CPLD designs, as they may lead to timing problems.
WARNING:Xst:737 - Found 1-bit latch for signal <output<7>>. Latches may be generated from incomplete case or if statements. We do not recommend the use of latches in FPGA/CPLD designs, as they may lead to timing problems.
WARNING:Xst:737 - Found 1-bit latch for signal <output<6>>. Latches may be generated from incomplete case or if statements. We do not recommend the use of latches in FPGA/CPLD designs, as they may lead to timing problems.
WARNING:Xst:737 - Found 1-bit latch for signal <output<5>>. Latches may be generated from incomplete case or if statements. We do not recommend the use of latches in FPGA/CPLD designs, as they may lead to timing problems.
WARNING:Xst:737 - Found 1-bit latch for signal <output<4>>. Latches may be generated from incomplete case or if statements. We do not recommend the use of latches in FPGA/CPLD designs, as they may lead to timing problems.
WARNING:Xst:737 - Found 1-bit latch for signal <output<3>>. Latches may be generated from incomplete case or if statements. We do not recommend the use of latches in FPGA/CPLD designs, as they may lead to timing problems.
WARNING:Xst:737 - Found 1-bit latch for signal <output<2>>. Latches may be generated from incomplete case or if statements. We do not recommend the use of latches in FPGA/CPLD designs, as they may lead to timing problems.
WARNING:Xst:737 - Found 1-bit latch for signal <output<1>>. Latches may be generated from incomplete case or if statements. We do not recommend the use of latches in FPGA/CPLD designs, as they may lead to timing problems.
WARNING:Xst:737 - Found 1-bit latch for signal <output<0>>. Latches may be generated from incomplete case or if statements. We do not recommend the use of latches in FPGA/CPLD designs, as they may lead to timing problems.
WARNING:Xst:737 - Found 1-bit latch for signal <output<15>>. Latches may be generated from incomplete case or if statements. We do not recommend the use of latches in FPGA/CPLD designs, as they may lead to timing problems.
    Summary:
	inferred  16 Latch(s).
	inferred  32 Multiplexer(s).
Unit <B_input_logic> synthesized.

Synthesizing Unit <RCA16bit>.
    Related source file is "//tholos.itserv.scss.tcd.ie/ugrad/concannh/cs2022/project1/rca16bit.vhd".
    Summary:
	no macro.
Unit <RCA16bit> synthesized.

Synthesizing Unit <full_adder>.
    Related source file is "//tholos.itserv.scss.tcd.ie/ugrad/concannh/cs2022/project1/full_adder.vhd".
    Summary:
Unit <full_adder> synthesized.

Synthesizing Unit <logic_circuit>.
    Related source file is "//tholos.itserv.scss.tcd.ie/ugrad/concannh/cs2022/project1/logic_circuit.vhd".
    Summary:
	no macro.
Unit <logic_circuit> synthesized.

Synthesizing Unit <logic_bit_slice>.
    Related source file is "//tholos.itserv.scss.tcd.ie/ugrad/concannh/cs2022/project1/logic_bit_slice.vhd".
    Summary:
	inferred   4 Multiplexer(s).
Unit <logic_bit_slice> synthesized.

Synthesizing Unit <mux_2_to_1_16bits>.
    Related source file is "//tholos.itserv.scss.tcd.ie/ugrad/concannh/cs2022/project1/mux_2_to_1_16bits.vhd".
    Summary:
	inferred   2 Multiplexer(s).
Unit <mux_2_to_1_16bits> synthesized.

Synthesizing Unit <bit_shifter_16bits>.
    Related source file is "//tholos.itserv.scss.tcd.ie/ugrad/concannh/cs2022/project1/bit_shifter_16bits.vhd".
    Summary:
	no macro.
Unit <bit_shifter_16bits> synthesized.

Synthesizing Unit <mux_4_to_1>.
    Related source file is "//tholos.itserv.scss.tcd.ie/ugrad/concannh/cs2022/project1/mux_4_to_1.vhd".
    Found 1-bit 4-to-1 multiplexer for signal <output> created at line 39.
    Summary:
	inferred   1 Multiplexer(s).
Unit <mux_4_to_1> synthesized.

=========================================================================
HDL Synthesis Report

Macro Statistics
# Latches                                              : 16
 1-bit latch                                           : 16
# Multiplexers                                         : 116
 1-bit 2-to-1 multiplexer                              : 96
 1-bit 4-to-1 multiplexer                              : 16
 16-bit 2-to-1 multiplexer                             : 4
# Xors                                                 : 48
 1-bit xor2                                            : 48

=========================================================================

=========================================================================
*                       Advanced HDL Synthesis                          *
=========================================================================


=========================================================================
Advanced HDL Synthesis Report

Macro Statistics
# Multiplexers                                         : 116
 1-bit 2-to-1 multiplexer                              : 96
 1-bit 4-to-1 multiplexer                              : 16
 16-bit 2-to-1 multiplexer                             : 4
# Xors                                                 : 48
 1-bit xor2                                            : 48

=========================================================================

=========================================================================
*                         Low Level Synthesis                           *
=========================================================================
WARNING:Xst:2016 - Found a loop when searching source clock on port 'S0_S0_OR_2_o:S0_S0_OR_2_o'
Last warning will be issued only once.

Optimizing unit <function_unit_16bit> ...

Optimizing unit <RCA16bit> ...

Optimizing unit <B_input_logic> ...

Optimizing unit <logic_circuit> ...

Mapping all equations...
Building and optimizing final netlist ...
Found area constraint ratio of 100 (+ 5) on block function_unit_16bit, actual ratio is 0.

Final Macro Processing ...

=========================================================================
Final Register Report

Found no macro
=========================================================================

=========================================================================
*                           Partition Report                            *
=========================================================================

Partition Implementation Status
-------------------------------

  No Partitions were found in this design.

-------------------------------

=========================================================================
*                            Design Summary                             *
=========================================================================

Top Level Output File Name         : function_unit_16bit.ngc

Primitive and Black Box Usage:
------------------------------
# BELS                             : 93
#      LUT2                        : 2
#      LUT3                        : 24
#      LUT4                        : 11
#      LUT5                        : 40
#      LUT6                        : 11
#      MUXF7                       : 5
# FlipFlops/Latches                : 16
#      LDC                         : 16
# IO Buffers                       : 57
#      IBUF                        : 37
#      OBUF                        : 20

Device utilization summary:
---------------------------

Selected Device : 7a30tcsg324-3 


Slice Logic Utilization: 
 Number of Slice Registers:              16  out of  42000     0%  
 Number of Slice LUTs:                   88  out of  21000     0%  
    Number used as Logic:                88  out of  21000     0%  

Slice Logic Distribution: 
 Number of LUT Flip Flop pairs used:     88
   Number with an unused Flip Flop:      72  out of     88    81%  
   Number with an unused LUT:             0  out of     88     0%  
   Number of fully used LUT-FF pairs:    16  out of     88    18%  
   Number of unique control sets:         1

IO Utilization: 
 Number of IOs:                          57
 Number of bonded IOBs:                  57  out of    210    27%  

Specific Feature Utilization:

---------------------------
Partition Resource Summary:
---------------------------

  No Partitions were found in this design.

---------------------------


=========================================================================
Timing Report

NOTE: THESE TIMING NUMBERS ARE ONLY A SYNTHESIS ESTIMATE.
      FOR ACCURATE TIMING INFORMATION PLEASE REFER TO THE TRACE REPORT
      GENERATED AFTER PLACE-and-ROUTE.

Clock Information:
------------------
---------------------------------------------------------------------------------------------------+-----------------------------------------------------+-------+
Clock Signal                                                                                       | Clock buffer(FF name)                               | Load  |
---------------------------------------------------------------------------------------------------+-----------------------------------------------------+-------+
arithmetic_logic_unit/arith/Binput/S0_S0_OR_2_o(arithmetic_logic_unit/arith/Binput/S0_S0_OR_2_o1:O)| NONE(*)(arithmetic_logic_unit/arith/Binput/output_1)| 16    |
---------------------------------------------------------------------------------------------------+-----------------------------------------------------+-------+
(*) This 1 clock signal(s) are generated by combinatorial logic,
and XST is not able to identify which are the primary clock signals.
Please use the CLOCK_SIGNAL constraint to specify the clock signal(s) generated by combinatorial logic.
INFO:Xst:2169 - HDL ADVISOR - Some clock signals were not automatically buffered by XST with BUFG/BUFR resources. Please use the buffer_type constraint in order to insert these buffers to the clock signals to help prevent skew problems.

Asynchronous Control Signals Information:
----------------------------------------
No asynchronous control signals found in this design

Timing Summary:
---------------
Speed Grade: -3

   Minimum period: No path found
   Minimum input arrival time before clock: 1.281ns
   Maximum output required time after clock: 5.495ns
   Maximum combinational path delay: 5.156ns

Timing Details:
---------------
All values displayed in nanoseconds (ns)

=========================================================================
Timing constraint: Default OFFSET IN BEFORE for Clock 'arithmetic_logic_unit/arith/Binput/S0_S0_OR_2_o'
  Total number of paths / destination ports: 80 / 32
-------------------------------------------------------------------------
Offset:              1.281ns (Levels of Logic = 2)
  Source:            FSCODE<1> (PAD)
  Destination:       arithmetic_logic_unit/arith/Binput/output_1 (LATCH)
  Destination Clock: arithmetic_logic_unit/arith/Binput/S0_S0_OR_2_o falling

  Data Path: FSCODE<1> to arithmetic_logic_unit/arith/Binput/output_1
                                Gate     Net
    Cell:in->out      fanout   Delay   Delay  Logical Name (Net Name)
    ----------------------------------------  ------------
     IBUF:I->O            34   0.001   0.486  FSCODE_1_IBUF (FSCODE_1_IBUF)
     LUT2:I0->O           16   0.097   0.348  arithmetic_logic_unit/arith/Binput/S0_S1_AND_1_o1 (arithmetic_logic_unit/arith/Binput/S0_S1_AND_1_o)
     LDC:CLR                   0.349          arithmetic_logic_unit/arith/Binput/output_15
    ----------------------------------------
    Total                      1.281ns (0.447ns logic, 0.834ns route)
                                       (34.9% logic, 65.1% route)

=========================================================================
Timing constraint: Default OFFSET OUT AFTER for Clock 'arithmetic_logic_unit/arith/Binput/S0_S0_OR_2_o'
  Total number of paths / destination ports: 320 / 20
-------------------------------------------------------------------------
Offset:              5.495ns (Levels of Logic = 11)
  Source:            arithmetic_logic_unit/arith/Binput/output_1 (LATCH)
  Destination:       output<15> (PAD)
  Source Clock:      arithmetic_logic_unit/arith/Binput/S0_S0_OR_2_o falling

  Data Path: arithmetic_logic_unit/arith/Binput/output_1 to output<15>
                                Gate     Net
    Cell:in->out      fanout   Delay   Delay  Logical Name (Net Name)
    ----------------------------------------  ------------
     LDC:G->Q              2   0.472   0.561  arithmetic_logic_unit/arith/Binput/output_1 (arithmetic_logic_unit/arith/Binput/output_1)
     LUT5:I1->O            3   0.097   0.389  arithmetic_logic_unit/arith/RCA/add1/Cout1 (arithmetic_logic_unit/arith/RCA/C<2>)
     LUT5:I3->O            3   0.097   0.389  arithmetic_logic_unit/arith/RCA/add3/Cout1 (arithmetic_logic_unit/arith/RCA/C<4>)
     LUT5:I3->O            3   0.097   0.389  arithmetic_logic_unit/arith/RCA/add5/Cout1 (arithmetic_logic_unit/arith/RCA/C<6>)
     LUT5:I3->O            3   0.097   0.389  arithmetic_logic_unit/arith/RCA/add7/Cout1 (arithmetic_logic_unit/arith/RCA/C<8>)
     LUT5:I3->O            3   0.097   0.389  arithmetic_logic_unit/arith/RCA/add9/Cout1 (arithmetic_logic_unit/arith/RCA/C<10>)
     LUT5:I3->O            3   0.097   0.389  arithmetic_logic_unit/arith/RCA/add11/Cout1 (arithmetic_logic_unit/arith/RCA/C<12>)
     LUT5:I3->O            4   0.097   0.393  arithmetic_logic_unit/arith/RCA/add13/Cout1 (arithmetic_logic_unit/arith/RCA/C<14>)
     LUT5:I3->O            3   0.097   0.305  arithmetic_logic_unit/arith/RCA/add15/Mxor_S_xo<0>1 (N_OBUF)
     LUT6:I5->O            1   0.097   0.000  mfselect/Mmux_Z73_F (N01)
     MUXF7:I0->O           1   0.277   0.279  mfselect/Mmux_Z73 (output_15_OBUF)
     OBUF:I->O                 0.000          output_15_OBUF (output<15>)
    ----------------------------------------
    Total                      5.495ns (1.622ns logic, 3.873ns route)
                                       (29.5% logic, 70.5% route)

=========================================================================
Timing constraint: Default path analysis
  Total number of paths / destination ports: 530 / 20
-------------------------------------------------------------------------
Delay:               5.156ns (Levels of Logic = 12)
  Source:            A<1> (PAD)
  Destination:       output<15> (PAD)

  Data Path: A<1> to output<15>
                                Gate     Net
    Cell:in->out      fanout   Delay   Delay  Logical Name (Net Name)
    ----------------------------------------  ------------
     IBUF:I->O             3   0.001   0.693  A_1_IBUF (A_1_IBUF)
     LUT5:I0->O            3   0.097   0.389  arithmetic_logic_unit/arith/RCA/add1/Cout1 (arithmetic_logic_unit/arith/RCA/C<2>)
     LUT5:I3->O            3   0.097   0.389  arithmetic_logic_unit/arith/RCA/add3/Cout1 (arithmetic_logic_unit/arith/RCA/C<4>)
     LUT5:I3->O            3   0.097   0.389  arithmetic_logic_unit/arith/RCA/add5/Cout1 (arithmetic_logic_unit/arith/RCA/C<6>)
     LUT5:I3->O            3   0.097   0.389  arithmetic_logic_unit/arith/RCA/add7/Cout1 (arithmetic_logic_unit/arith/RCA/C<8>)
     LUT5:I3->O            3   0.097   0.389  arithmetic_logic_unit/arith/RCA/add9/Cout1 (arithmetic_logic_unit/arith/RCA/C<10>)
     LUT5:I3->O            3   0.097   0.389  arithmetic_logic_unit/arith/RCA/add11/Cout1 (arithmetic_logic_unit/arith/RCA/C<12>)
     LUT5:I3->O            4   0.097   0.393  arithmetic_logic_unit/arith/RCA/add13/Cout1 (arithmetic_logic_unit/arith/RCA/C<14>)
     LUT5:I3->O            3   0.097   0.305  arithmetic_logic_unit/arith/RCA/add15/Mxor_S_xo<0>1 (N_OBUF)
     LUT6:I5->O            1   0.097   0.000  mfselect/Mmux_Z73_F (N01)
     MUXF7:I0->O           1   0.277   0.279  mfselect/Mmux_Z73 (output_15_OBUF)
     OBUF:I->O                 0.000          output_15_OBUF (output<15>)
    ----------------------------------------
    Total                      5.156ns (1.151ns logic, 4.005ns route)
                                       (22.3% logic, 77.7% route)

=========================================================================

Cross Clock Domains Report:
--------------------------

=========================================================================


Total REAL time to Xst completion: 7.00 secs
Total CPU time to Xst completion: 6.57 secs
 
--> 

Total memory usage is 308324 kilobytes

Number of errors   :    0 (   0 filtered)
Number of warnings :   16 (   0 filtered)
Number of infos    :    1 (   0 filtered)

