Command line:
   zerofill_isim_beh.exe
     -simmode  gui
     -simrunnum  0
     -socket  1714

Fri Apr 08 10:38:36 2016


 Elaboration Time: 0.0312 sec

 Current Memory Usage: 495.1 Meg

 Total Signals          : 2
 Total Nets             : 19
 Total Signal Drivers   : 2
 Total Blocks           : 2
 Total Primitive Blocks : 2
 Total Processes        : 2
 Total Traceable Variables  : 8
 Total Scalar Nets and Variables : 379
Total Line Count : 2

 Total Simulation Time: 0.0312 sec

 Current Memory Usage: 495.1 Meg

Fri Apr 08 10:39:02 2016

